ERROR: LoadError: SystemError: opening file "Src/Experiment/experiment1.jl": No such file or directory
Stacktrace:
  [1] systemerror(p::String, errno::Int32; extrainfo::Nothing)
    @ Base ./error.jl:174
  [2] #systemerror#68
    @ ./error.jl:173 [inlined]
  [3] systemerror
    @ ./error.jl:173 [inlined]
  [4] open(fname::String; lock::Bool, read::Nothing, write::Nothing, create::Nothing, truncate::Bool, append::Nothing)
    @ Base ./iostream.jl:293
  [5] open(fname::String, mode::String; lock::Bool)
    @ Base ./iostream.jl:355
  [6] open(fname::String, mode::String)
    @ Base ./iostream.jl:355
  [7] open(::Main.ExperimentalSetup.var"#19#20"{Int64, Int64, String}, ::String, ::Vararg{String}; kwargs::Base.Pairs{Symbol, Union{}, Tuple{}, NamedTuple{(), Tuple{}}})
    @ Base ./io.jl:328
  [8] open
    @ ./io.jl:328 [inlined]
  [9] prepareJobArrayScripts(languages::Vector{String}, nodes::Vector{Int64}, formulaSets::Vector{Int64})
    @ Main.ExperimentalSetup ~/zero-one-laws-verification/zero-one-laws/Src/Experiment/experimentalSetup.jl:218
 [10] prepareJobArrayScripts(languages::Vector{String})
    @ Main.ExperimentalSetup ~/zero-one-laws-verification/zero-one-laws/Src/Experiment/experimentalSetup.jl:210
 [11] top-level scope
    @ ~/zero-one-laws-verification/zero-one-laws/Src/Experiment/experimentalSetup.jl:263
 [12] include(fname::String)
    @ Base.MainInclude ./client.jl:451
 [13] top-level scope
    @ ~/zero-one-laws-verification/zero-one-laws/Src/Experiment/experiment60.jl:1
in expression starting at /home/s3986209/zero-one-laws-verification/zero-one-laws/Src/Experiment/experimentalSetup.jl:1
in expression starting at /home/s3986209/zero-one-laws-verification/zero-one-laws/Src/Experiment/experiment60.jl:1
