ERROR: LoadError: SystemError: opening file "../../validated-Peregrine/s4/80/formulas 2/depth 13.txt": No such file or directory
Stacktrace:
  [1] systemerror(p::String, errno::Int32; extrainfo::Nothing)
    @ Base ./error.jl:174
  [2] #systemerror#68
    @ ./error.jl:173 [inlined]
  [3] systemerror
    @ ./error.jl:173 [inlined]
  [4] open(fname::String; lock::Bool, read::Bool, write::Nothing, create::Nothing, truncate::Nothing, append::Nothing)
    @ Base ./iostream.jl:293
  [5] open(fname::String, mode::String; lock::Bool)
    @ Base ./iostream.jl:355
  [6] open(fname::String, mode::String)
    @ Base ./iostream.jl:355
  [7] open(::Main.ExperimentalSetup.var"#7#9", ::String, ::Vararg{String}; kwargs::Base.Pairs{Symbol, Union{}, Tuple{}, NamedTuple{(), Tuple{}}})
    @ Base ./io.jl:328
  [8] open
    @ ./io.jl:328 [inlined]
  [9] getNumberOfValidatedFormulas(file::String)
    @ Main.ExperimentalSetup ~/zero-one-laws/Src/Experiment/experimentalSetup.jl:87
 [10] finishExperiment(language::String, n::Int64, formulaSet::Int64, nModels::Int64, nFrames::Int64, nValuations::Int64)
    @ Main.ExperimentalSetup ~/zero-one-laws/Src/Experiment/experimentalSetup.jl:112
 [11] finishExperiment(language::String, n::Int64, formulaSet::Int64)
    @ Main.ExperimentalSetup ~/zero-one-laws/Src/Experiment/experimentalSetup.jl:95
 [12] top-level scope
    @ ~/zero-one-laws/Src/Experiment/finishExperiment24.jl:5
in expression starting at /home/s3986209/zero-one-laws/Src/Experiment/finishExperiment24.jl:5
